build/app/intermediates/manifest_merge_blame_file/debug/manifest-merger-blame-debug-report.txt
1<?xml version="1.0" encoding="utf-8"?>
2<manifest xmlns:android="http://schemas.android.com/apk/res/android"
3    package="com.example.sixcents"
4    android:versionCode="1"
5    android:versionName="1.0.0" >
6
7    <uses-sdk
8        android:minSdkVersion="21"
9        android:targetSdkVersion="31" />
10    <!--
11         Flutter needs it to communicate with the running application
12         to allow setting breakpoints, to provide hot reload, etc.
13    -->
14    <uses-permission android:name="android.permission.INTERNET" />
14-->src\debug\AndroidManifest.xml:6:5-66
14-->src\debug\AndroidManifest.xml:6:22-64
15    <uses-permission android:name="android.permission.READ_EXTERNAL_STORAGE" />
15-->[:file_picker] AndroidManifest.xml:7:5-80
15-->[:file_picker] AndroidManifest.xml:7:22-77
16
17    <queries>
17-->[:file_picker] AndroidManifest.xml:9:5-15:15
18        <intent>
18-->[:file_picker] AndroidManifest.xml:10:9-14:18
19            <action android:name="android.intent.action.GET_CONTENT" />
19-->[:file_picker] AndroidManifest.xml:11:13-72
19-->[:file_picker] AndroidManifest.xml:11:21-69
20
21            <data android:mimeType="*/*" />
21-->[:file_picker] AndroidManifest.xml:13:13-44
21-->[:file_picker] AndroidManifest.xml:13:19-41
22        </intent>
23    </queries>
24
25    <uses-permission android:name="android.permission.REQUEST_INSTALL_PACKAGES" /> <!-- For downloading -->
25-->[:open_file] AndroidManifest.xml:8:5-83
25-->[:open_file] AndroidManifest.xml:8:22-80
26    <uses-permission android:name="android.permission.ACCESS_NETWORK_STATE" />
26-->[com.google.mlkit:digital-ink-recognition:17.0.0] AndroidManifest.xml:8:5-79
26-->[com.google.mlkit:digital-ink-recognition:17.0.0] AndroidManifest.xml:8:22-76
27    <uses-permission android:name="android.permission.WAKE_LOCK" /> <!-- Required by older versions of Google Play services to create IID tokens -->
27-->[com.google.firebase:firebase-iid:20.1.5] AndroidManifest.xml:24:5-68
27-->[com.google.firebase:firebase-iid:20.1.5] AndroidManifest.xml:24:22-65
28    <uses-permission android:name="com.google.android.c2dm.permission.RECEIVE" />
28-->[com.google.firebase:firebase-iid:20.1.5] AndroidManifest.xml:26:5-82
28-->[com.google.firebase:firebase-iid:20.1.5] AndroidManifest.xml:26:22-79
29    <uses-permission android:name="android.permission.RECEIVE_BOOT_COMPLETED" />
29-->[androidx.work:work-runtime:2.7.0-alpha05] AndroidManifest.xml:27:5-81
29-->[androidx.work:work-runtime:2.7.0-alpha05] AndroidManifest.xml:27:22-78
30    <uses-permission android:name="android.permission.FOREGROUND_SERVICE" />
30-->[androidx.work:work-runtime:2.7.0-alpha05] AndroidManifest.xml:28:5-77
30-->[androidx.work:work-runtime:2.7.0-alpha05] AndroidManifest.xml:28:22-74
31
32    <application
33        android:name="android.app.Application"
34        android:appComponentFactory="androidx.core.app.CoreComponentFactory"
34-->[androidx.core:core:1.6.0] AndroidManifest.xml:24:18-86
35        android:debuggable="true"
36        android:icon="@mipmap/ic_launcher"
37        android:label="sixcents" >
38        <activity
39            android:name="com.example.sixcents.MainActivity"
40            android:configChanges="orientation|keyboardHidden|keyboard|screenSize|smallestScreenSize|locale|layoutDirection|fontScale|screenLayout|density|uiMode"
41            android:exported="true"
42            android:hardwareAccelerated="true"
43            android:launchMode="singleTop"
44            android:theme="@style/LaunchTheme"
45            android:windowSoftInputMode="adjustResize" >
46
47            <!--
48                 Specifies an Android theme to apply to this Activity as soon as
49                 the Android process has started. This theme is visible to the user
50                 while the Flutter UI initializes. After that, this theme continues
51                 to determine the Window background behind the Flutter UI.
52            -->
53            <meta-data
54                android:name="io.flutter.embedding.android.NormalTheme"
55                android:resource="@style/NormalTheme" />
56
57            <intent-filter>
58                <action android:name="android.intent.action.MAIN" />
59
60                <category android:name="android.intent.category.LAUNCHER" />
61            </intent-filter>
62        </activity>
63        <!--
64             Don't delete the meta-data below.
65             This is used by the Flutter tool to generate GeneratedPluginRegistrant.java
66        -->
67        <meta-data
68            android:name="flutterEmbedding"
69            android:value="2" />
70
71        <provider
71-->[:image_picker] AndroidManifest.xml:8:9-16:20
72            android:name="io.flutter.plugins.imagepicker.ImagePickerFileProvider"
72-->[:image_picker] AndroidManifest.xml:9:13-82
73            android:authorities="com.example.sixcents.flutter.image_provider"
73-->[:image_picker] AndroidManifest.xml:10:13-74
74            android:exported="false"
74-->[:image_picker] AndroidManifest.xml:11:13-37
75            android:grantUriPermissions="true" >
75-->[:image_picker] AndroidManifest.xml:12:13-47
76            <meta-data
76-->[:image_picker] AndroidManifest.xml:13:13-15:75
77                android:name="android.support.FILE_PROVIDER_PATHS"
77-->[:image_picker] AndroidManifest.xml:14:17-67
78                android:resource="@xml/flutter_image_picker_file_paths" />
78-->[:image_picker] AndroidManifest.xml:15:17-72
79        </provider>
80        <provider
80-->[:open_file] AndroidManifest.xml:12:9-21:20
81            android:name="com.crazecoder.openfile.FileProvider"
81-->[:open_file] AndroidManifest.xml:13:13-64
82            android:authorities="com.example.sixcents.fileProvider.com.crazecoder.openfile"
82-->[:open_file] AndroidManifest.xml:14:13-88
83            android:exported="false"
83-->[:open_file] AndroidManifest.xml:15:13-37
84            android:grantUriPermissions="true" >
84-->[:open_file] AndroidManifest.xml:16:13-47
85            <meta-data
85-->[:image_picker] AndroidManifest.xml:13:13-15:75
86                android:name="android.support.FILE_PROVIDER_PATHS"
86-->[:image_picker] AndroidManifest.xml:14:17-67
87                android:resource="@xml/filepaths" />
87-->[:image_picker] AndroidManifest.xml:15:17-72
88        </provider>
89
90        <uses-library
90-->[androidx.window:window:1.0.0-beta04] AndroidManifest.xml:25:9-27:40
91            android:name="androidx.window.extensions"
91-->[androidx.window:window:1.0.0-beta04] AndroidManifest.xml:26:13-54
92            android:required="false" />
92-->[androidx.window:window:1.0.0-beta04] AndroidManifest.xml:27:13-37
93        <uses-library
93-->[androidx.window:window:1.0.0-beta04] AndroidManifest.xml:28:9-30:40
94            android:name="androidx.window.sidecar"
94-->[androidx.window:window:1.0.0-beta04] AndroidManifest.xml:29:13-51
95            android:required="false" />
95-->[androidx.window:window:1.0.0-beta04] AndroidManifest.xml:30:13-37
96
97        <service
97-->[com.google.mlkit:playstore-dynamic-feature-support:16.0.0-beta2] AndroidManifest.xml:9:9-15:19
98            android:name="com.google.mlkit.common.internal.MlKitComponentDiscoveryService"
98-->[com.google.mlkit:playstore-dynamic-feature-support:16.0.0-beta2] AndroidManifest.xml:10:13-91
99            android:directBootAware="true"
99-->[com.google.mlkit:common:18.0.0] AndroidManifest.xml:17:13-43
100            android:exported="false" >
100-->[com.google.mlkit:playstore-dynamic-feature-support:16.0.0-beta2] AndroidManifest.xml:11:13-37
101            <meta-data
101-->[com.google.mlkit:playstore-dynamic-feature-support:16.0.0-beta2] AndroidManifest.xml:12:13-14:85
102                android:name="com.google.firebase.components:com.google.mlkit.dynamic.DynamicLoadingRegistrar"
102-->[com.google.mlkit:playstore-dynamic-feature-support:16.0.0-beta2] AndroidManifest.xml:13:17-111
103                android:value="com.google.firebase.components.ComponentRegistrar" />
103-->[com.google.mlkit:playstore-dynamic-feature-support:16.0.0-beta2] AndroidManifest.xml:14:17-82
104            <meta-data
104-->[com.google.android.gms:play-services-mlkit-barcode-scanning:16.2.1] AndroidManifest.xml:12:13-14:85
105                android:name="com.google.firebase.components:com.google.mlkit.vision.barcode.internal.BarcodeRegistrar"
105-->[com.google.android.gms:play-services-mlkit-barcode-scanning:16.2.1] AndroidManifest.xml:13:17-120
106                android:value="com.google.firebase.components.ComponentRegistrar" />
106-->[com.google.android.gms:play-services-mlkit-barcode-scanning:16.2.1] AndroidManifest.xml:14:17-82
107            <meta-data
107-->[com.google.android.gms:play-services-mlkit-image-labeling:16.0.5] AndroidManifest.xml:11:13-13:85
108                android:name="com.google.firebase.components:com.google.mlkit.vision.label.defaults.thin.ThinLabelRegistrar"
108-->[com.google.android.gms:play-services-mlkit-image-labeling:16.0.5] AndroidManifest.xml:12:17-125
109                android:value="com.google.firebase.components.ComponentRegistrar" />
109-->[com.google.android.gms:play-services-mlkit-image-labeling:16.0.5] AndroidManifest.xml:13:17-82
110            <meta-data
110-->[com.google.mlkit:image-labeling-custom:16.3.1] AndroidManifest.xml:11:13-13:85
111                android:name="com.google.firebase.components:com.google.mlkit.vision.label.custom.internal.CustomLabelRegistrar"
111-->[com.google.mlkit:image-labeling-custom:16.3.1] AndroidManifest.xml:12:17-129
112                android:value="com.google.firebase.components.ComponentRegistrar" />
112-->[com.google.mlkit:image-labeling-custom:16.3.1] AndroidManifest.xml:13:17-82
113            <meta-data
113-->[com.google.mlkit:image-labeling-automl:16.2.1] AndroidManifest.xml:11:13-13:85
114                android:name="com.google.firebase.components:com.google.mlkit.vision.label.automl.internal.AutoMLLabelRegistrar"
114-->[com.google.mlkit:image-labeling-automl:16.2.1] AndroidManifest.xml:12:17-129
115                android:value="com.google.firebase.components.ComponentRegistrar" />
115-->[com.google.mlkit:image-labeling-automl:16.2.1] AndroidManifest.xml:13:17-82
116            <meta-data
116-->[com.google.mlkit:object-detection:16.2.7] AndroidManifest.xml:11:13-13:85
117                android:name="com.google.firebase.components:com.google.mlkit.vision.objects.defaults.internal.DefaultObjectsRegistrar"
117-->[com.google.mlkit:object-detection:16.2.7] AndroidManifest.xml:12:17-136
118                android:value="com.google.firebase.components.ComponentRegistrar" />
118-->[com.google.mlkit:object-detection:16.2.7] AndroidManifest.xml:13:17-82
119            <meta-data
119-->[com.google.mlkit:object-detection-custom:16.3.3] AndroidManifest.xml:11:13-13:85
120                android:name="com.google.firebase.components:com.google.mlkit.vision.objects.custom.internal.CustomObjectsRegistrar"
120-->[com.google.mlkit:object-detection-custom:16.3.3] AndroidManifest.xml:12:17-133
121                android:value="com.google.firebase.components.ComponentRegistrar" />
121-->[com.google.mlkit:object-detection-custom:16.3.3] AndroidManifest.xml:13:17-82
122            <meta-data
122-->[com.google.android.gms:play-services-mlkit-face-detection:16.2.0] AndroidManifest.xml:12:13-14:85
123                android:name="com.google.firebase.components:com.google.mlkit.vision.face.internal.FaceRegistrar"
123-->[com.google.android.gms:play-services-mlkit-face-detection:16.2.0] AndroidManifest.xml:13:17-114
124                android:value="com.google.firebase.components.ComponentRegistrar" />
124-->[com.google.android.gms:play-services-mlkit-face-detection:16.2.0] AndroidManifest.xml:14:17-82
125            <meta-data
125-->[com.google.mlkit:pose-detection-common:17.1.0-beta5] AndroidManifest.xml:11:13-13:85
126                android:name="com.google.firebase.components:com.google.mlkit.vision.pose.internal.PoseRegistrar"
126-->[com.google.mlkit:pose-detection-common:17.1.0-beta5] AndroidManifest.xml:12:17-114
127                android:value="com.google.firebase.components.ComponentRegistrar" />
127-->[com.google.mlkit:pose-detection-common:17.1.0-beta5] AndroidManifest.xml:13:17-82
128            <meta-data
128-->[com.google.mlkit:vision-internal-vkp:18.2.0] AndroidManifest.xml:11:13-13:85
129                android:name="com.google.firebase.components:com.google.mlkit.vision.vkp.VkpRegistrar"
129-->[com.google.mlkit:vision-internal-vkp:18.2.0] AndroidManifest.xml:12:17-103
130                android:value="com.google.firebase.components.ComponentRegistrar" />
130-->[com.google.mlkit:vision-internal-vkp:18.2.0] AndroidManifest.xml:13:17-82
131            <meta-data
131-->[com.google.android.gms:play-services-mlkit-text-recognition-common:16.0.0] AndroidManifest.xml:12:13-14:85
132                android:name="com.google.firebase.components:com.google.mlkit.vision.text.internal.TextRegistrar"
132-->[com.google.android.gms:play-services-mlkit-text-recognition-common:16.0.0] AndroidManifest.xml:13:17-114
133                android:value="com.google.firebase.components.ComponentRegistrar" />
133-->[com.google.android.gms:play-services-mlkit-text-recognition-common:16.0.0] AndroidManifest.xml:14:17-82
134            <meta-data
134-->[com.google.mlkit:vision-common:16.6.0] AndroidManifest.xml:12:13-14:85
135                android:name="com.google.firebase.components:com.google.mlkit.vision.common.internal.VisionCommonRegistrar"
135-->[com.google.mlkit:vision-common:16.6.0] AndroidManifest.xml:13:17-124
136                android:value="com.google.firebase.components.ComponentRegistrar" />
136-->[com.google.mlkit:vision-common:16.6.0] AndroidManifest.xml:14:17-82
137            <meta-data
137-->[com.google.mlkit:digital-ink-recognition:17.0.0] AndroidManifest.xml:15:13-17:85
138                android:name="com.google.firebase.components:com.google.mlkit.vision.digitalink.internal.DigitalInkRecognitionRegistrar"
138-->[com.google.mlkit:digital-ink-recognition:17.0.0] AndroidManifest.xml:16:17-137
139                android:value="com.google.firebase.components.ComponentRegistrar" />
139-->[com.google.mlkit:digital-ink-recognition:17.0.0] AndroidManifest.xml:17:17-82
140            <meta-data
140-->[com.google.mlkit:translate:16.1.2] AndroidManifest.xml:14:13-16:85
141                android:name="com.google.firebase.components:com.google.mlkit.nl.translate.NaturalLanguageTranslateRegistrar"
141-->[com.google.mlkit:translate:16.1.2] AndroidManifest.xml:15:17-126
142                android:value="com.google.firebase.components.ComponentRegistrar" />
142-->[com.google.mlkit:translate:16.1.2] AndroidManifest.xml:16:17-82
143            <meta-data
143-->[com.google.mlkit:translate:16.1.2] AndroidManifest.xml:17:13-19:85
144                android:name="com.google.firebase.components:com.google.mlkit.nl.translate.RemoteConfigRegistrar"
144-->[com.google.mlkit:translate:16.1.2] AndroidManifest.xml:18:17-114
145                android:value="com.google.firebase.components.ComponentRegistrar" />
145-->[com.google.mlkit:translate:16.1.2] AndroidManifest.xml:19:17-82
146            <meta-data
146-->[com.google.mlkit:entity-extraction:16.0.0-beta2] AndroidManifest.xml:14:13-16:85
147                android:name="com.google.firebase.components:com.google.mlkit.nl.entityextraction.internal.EntityExtractionComponentRegistrar"
147-->[com.google.mlkit:entity-extraction:16.0.0-beta2] AndroidManifest.xml:15:17-143
148                android:value="com.google.firebase.components.ComponentRegistrar" />
148-->[com.google.mlkit:entity-extraction:16.0.0-beta2] AndroidManifest.xml:16:17-82
149            <meta-data
149-->[com.google.mlkit:smart-reply:16.2.0] AndroidManifest.xml:26:13-28:85
150                android:name="com.google.firebase.components:com.google.mlkit.nl.smartreply.component.SmartReplyComponentRegistrar"
150-->[com.google.mlkit:smart-reply:16.2.0] AndroidManifest.xml:27:17-132
151                android:value="com.google.firebase.components.ComponentRegistrar" />
151-->[com.google.mlkit:smart-reply:16.2.0] AndroidManifest.xml:28:17-82
152            <meta-data
152-->[com.google.mlkit:smart-reply:16.2.0] AndroidManifest.xml:29:13-31:85
153                android:name="com.google.firebase.components:com.google.mlkit.nl.smartreply.component.RemoteConfigRegistrar"
153-->[com.google.mlkit:smart-reply:16.2.0] AndroidManifest.xml:30:17-125
154                android:value="com.google.firebase.components.ComponentRegistrar" />
154-->[com.google.mlkit:smart-reply:16.2.0] AndroidManifest.xml:31:17-82
155            <meta-data
155-->[com.google.mlkit:linkfirebase:16.1.1] AndroidManifest.xml:12:13-14:85
156                android:name="com.google.firebase.components:com.google.mlkit.linkfirebase.internal.LinkFirebaseComponentRegistrar"
156-->[com.google.mlkit:linkfirebase:16.1.1] AndroidManifest.xml:13:17-132
157                android:value="com.google.firebase.components.ComponentRegistrar" />
157-->[com.google.mlkit:linkfirebase:16.1.1] AndroidManifest.xml:14:17-82
158            <meta-data
158-->[com.google.android.gms:play-services-mlkit-language-id:16.0.0-beta2] AndroidManifest.xml:11:13-13:85
159                android:name="com.google.firebase.components:com.google.mlkit.nl.languageid.internal.LanguageIdRegistrar"
159-->[com.google.android.gms:play-services-mlkit-language-id:16.0.0-beta2] AndroidManifest.xml:12:17-122
160                android:value="com.google.firebase.components.ComponentRegistrar" />
160-->[com.google.android.gms:play-services-mlkit-language-id:16.0.0-beta2] AndroidManifest.xml:13:17-82
161            <meta-data
161-->[com.google.mlkit:common:18.0.0] AndroidManifest.xml:20:13-22:85
162                android:name="com.google.firebase.components:com.google.mlkit.common.internal.CommonComponentRegistrar"
162-->[com.google.mlkit:common:18.0.0] AndroidManifest.xml:21:17-120
163                android:value="com.google.firebase.components.ComponentRegistrar" />
163-->[com.google.mlkit:common:18.0.0] AndroidManifest.xml:22:17-82
164        </service>
165
166        <provider
166-->[com.google.mlkit:common:18.0.0] AndroidManifest.xml:9:9-13:38
167            android:name="com.google.mlkit.common.internal.MlKitInitProvider"
167-->[com.google.mlkit:common:18.0.0] AndroidManifest.xml:10:13-78
168            android:authorities="com.example.sixcents.mlkitinitprovider"
168-->[com.google.mlkit:common:18.0.0] AndroidManifest.xml:11:13-69
169            android:exported="false"
169-->[com.google.mlkit:common:18.0.0] AndroidManifest.xml:12:13-37
170            android:initOrder="99" />
170-->[com.google.mlkit:common:18.0.0] AndroidManifest.xml:13:13-35
171
172        <service
172-->[com.google.android.datatransport:transport-backend-cct:2.3.3] AndroidManifest.xml:29:9-35:19
173            android:name="com.google.android.datatransport.runtime.backends.TransportBackendDiscovery"
173-->[com.google.android.datatransport:transport-backend-cct:2.3.3] AndroidManifest.xml:30:13-103
174            android:exported="false" >
174-->[com.google.android.datatransport:transport-backend-cct:2.3.3] AndroidManifest.xml:31:13-37
175            <meta-data
175-->[com.google.android.datatransport:transport-backend-cct:2.3.3] AndroidManifest.xml:32:13-34:39
176                android:name="backend:com.google.android.datatransport.cct.CctBackendFactory"
176-->[com.google.android.datatransport:transport-backend-cct:2.3.3] AndroidManifest.xml:33:17-94
177                android:value="cct" />
177-->[com.google.android.datatransport:transport-backend-cct:2.3.3] AndroidManifest.xml:34:17-36
178        </service>
179        <service
179-->[com.google.android.datatransport:transport-runtime:2.2.6] AndroidManifest.xml:26:9-30:19
180            android:name="com.google.android.datatransport.runtime.scheduling.jobscheduling.JobInfoSchedulerService"
180-->[com.google.android.datatransport:transport-runtime:2.2.6] AndroidManifest.xml:27:13-117
181            android:exported="false"
181-->[com.google.android.datatransport:transport-runtime:2.2.6] AndroidManifest.xml:28:13-37
182            android:permission="android.permission.BIND_JOB_SERVICE" >
182-->[com.google.android.datatransport:transport-runtime:2.2.6] AndroidManifest.xml:29:13-69
183        </service>
184
185        <receiver
185-->[com.google.android.datatransport:transport-runtime:2.2.6] AndroidManifest.xml:32:9-34:40
186            android:name="com.google.android.datatransport.runtime.scheduling.jobscheduling.AlarmManagerSchedulerBroadcastReceiver"
186-->[com.google.android.datatransport:transport-runtime:2.2.6] AndroidManifest.xml:33:13-132
187            android:exported="false" />
187-->[com.google.android.datatransport:transport-runtime:2.2.6] AndroidManifest.xml:34:13-37
188
189        <service
189-->[com.google.firebase:firebase-iid:20.1.5] AndroidManifest.xml:29:9-35:19
190            android:name="com.google.firebase.components.ComponentDiscoveryService"
190-->[com.google.firebase:firebase-iid:20.1.5] AndroidManifest.xml:30:13-84
191            android:directBootAware="true"
191-->[com.google.firebase:firebase-common:19.3.0] AndroidManifest.xml:34:13-43
192            android:exported="false" >
192-->[com.google.firebase:firebase-iid:20.1.5] AndroidManifest.xml:31:13-37
193            <meta-data
193-->[com.google.firebase:firebase-iid:20.1.5] AndroidManifest.xml:32:13-34:85
194                android:name="com.google.firebase.components:com.google.firebase.iid.Registrar"
194-->[com.google.firebase:firebase-iid:20.1.5] AndroidManifest.xml:33:17-96
195                android:value="com.google.firebase.components.ComponentRegistrar" />
195-->[com.google.firebase:firebase-iid:20.1.5] AndroidManifest.xml:34:17-82
196            <meta-data
196-->[com.google.firebase:firebase-installations:16.2.1] AndroidManifest.xml:17:13-19:85
197                android:name="com.google.firebase.components:com.google.firebase.installations.FirebaseInstallationsRegistrar"
197-->[com.google.firebase:firebase-installations:16.2.1] AndroidManifest.xml:18:17-127
198                android:value="com.google.firebase.components.ComponentRegistrar" />
198-->[com.google.firebase:firebase-installations:16.2.1] AndroidManifest.xml:19:17-82
199        </service>
200
201        <receiver
201-->[com.google.firebase:firebase-iid:20.1.5] AndroidManifest.xml:37:9-44:20
202            android:name="com.google.firebase.iid.FirebaseInstanceIdReceiver"
202-->[com.google.firebase:firebase-iid:20.1.5] AndroidManifest.xml:38:13-78
203            android:exported="true"
203-->[com.google.firebase:firebase-iid:20.1.5] AndroidManifest.xml:39:13-36
204            android:permission="com.google.android.c2dm.permission.SEND" >
204-->[com.google.firebase:firebase-iid:20.1.5] AndroidManifest.xml:40:13-73
205            <intent-filter>
205-->[com.google.firebase:firebase-iid:20.1.5] AndroidManifest.xml:41:13-43:29
206                <action android:name="com.google.android.c2dm.intent.RECEIVE" />
206-->[com.google.firebase:firebase-iid:20.1.5] AndroidManifest.xml:42:17-81
206-->[com.google.firebase:firebase-iid:20.1.5] AndroidManifest.xml:42:25-78
207            </intent-filter>
208        </receiver>
209
210        <provider
210-->[com.google.firebase:firebase-common:19.3.0] AndroidManifest.xml:26:9-30:39
211            android:name="com.google.firebase.provider.FirebaseInitProvider"
211-->[com.google.firebase:firebase-common:19.3.0] AndroidManifest.xml:27:13-77
212            android:authorities="com.example.sixcents.firebaseinitprovider"
212-->[com.google.firebase:firebase-common:19.3.0] AndroidManifest.xml:28:13-72
213            android:exported="false"
213-->[com.google.firebase:firebase-common:19.3.0] AndroidManifest.xml:29:13-37
214            android:initOrder="100" />
214-->[com.google.firebase:firebase-common:19.3.0] AndroidManifest.xml:30:13-36
215        <provider
215-->[androidx.work:work-runtime:2.7.0-alpha05] AndroidManifest.xml:31:9-39:20
216            android:name="androidx.startup.InitializationProvider"
216-->[androidx.work:work-runtime:2.7.0-alpha05] AndroidManifest.xml:32:13-67
217            android:authorities="com.example.sixcents.androidx-startup"
217-->[androidx.work:work-runtime:2.7.0-alpha05] AndroidManifest.xml:33:13-68
218            android:exported="false" >
218-->[androidx.work:work-runtime:2.7.0-alpha05] AndroidManifest.xml:34:13-37
219            <meta-data
219-->[androidx.work:work-runtime:2.7.0-alpha05] AndroidManifest.xml:36:13-38:52
220                android:name="androidx.work.WorkManagerInitializer"
220-->[androidx.work:work-runtime:2.7.0-alpha05] AndroidManifest.xml:37:17-68
221                android:value="androidx.startup" />
221-->[androidx.work:work-runtime:2.7.0-alpha05] AndroidManifest.xml:38:17-49
222        </provider>
223
224        <service
224-->[androidx.work:work-runtime:2.7.0-alpha05] AndroidManifest.xml:41:9-46:35
225            android:name="androidx.work.impl.background.systemalarm.SystemAlarmService"
225-->[androidx.work:work-runtime:2.7.0-alpha05] AndroidManifest.xml:42:13-88
226            android:directBootAware="false"
226-->[androidx.work:work-runtime:2.7.0-alpha05] AndroidManifest.xml:43:13-44
227            android:enabled="@bool/enable_system_alarm_service_default"
227-->[androidx.work:work-runtime:2.7.0-alpha05] AndroidManifest.xml:44:13-72
228            android:exported="false" />
228-->[androidx.work:work-runtime:2.7.0-alpha05] AndroidManifest.xml:45:13-37
229        <service
229-->[androidx.work:work-runtime:2.7.0-alpha05] AndroidManifest.xml:47:9-53:35
230            android:name="androidx.work.impl.background.systemjob.SystemJobService"
230-->[androidx.work:work-runtime:2.7.0-alpha05] AndroidManifest.xml:48:13-84
231            android:directBootAware="false"
231-->[androidx.work:work-runtime:2.7.0-alpha05] AndroidManifest.xml:49:13-44
232            android:enabled="@bool/enable_system_job_service_default"
232-->[androidx.work:work-runtime:2.7.0-alpha05] AndroidManifest.xml:50:13-70
233            android:exported="true"
233-->[androidx.work:work-runtime:2.7.0-alpha05] AndroidManifest.xml:51:13-36
234            android:permission="android.permission.BIND_JOB_SERVICE" />
234-->[androidx.work:work-runtime:2.7.0-alpha05] AndroidManifest.xml:52:13-69
235        <service
235-->[androidx.work:work-runtime:2.7.0-alpha05] AndroidManifest.xml:54:9-59:35
236            android:name="androidx.work.impl.foreground.SystemForegroundService"
236-->[androidx.work:work-runtime:2.7.0-alpha05] AndroidManifest.xml:55:13-81
237            android:directBootAware="false"
237-->[androidx.work:work-runtime:2.7.0-alpha05] AndroidManifest.xml:56:13-44
238            android:enabled="@bool/enable_system_foreground_service_default"
238-->[androidx.work:work-runtime:2.7.0-alpha05] AndroidManifest.xml:57:13-77
239            android:exported="false" />
239-->[androidx.work:work-runtime:2.7.0-alpha05] AndroidManifest.xml:58:13-37
240
241        <receiver
241-->[androidx.work:work-runtime:2.7.0-alpha05] AndroidManifest.xml:61:9-66:35
242            android:name="androidx.work.impl.utils.ForceStopRunnable$BroadcastReceiver"
242-->[androidx.work:work-runtime:2.7.0-alpha05] AndroidManifest.xml:62:13-88
243            android:directBootAware="false"
243-->[androidx.work:work-runtime:2.7.0-alpha05] AndroidManifest.xml:63:13-44
244            android:enabled="true"
244-->[androidx.work:work-runtime:2.7.0-alpha05] AndroidManifest.xml:64:13-35
245            android:exported="false" />
245-->[androidx.work:work-runtime:2.7.0-alpha05] AndroidManifest.xml:65:13-37
246        <receiver
246-->[androidx.work:work-runtime:2.7.0-alpha05] AndroidManifest.xml:67:9-77:20
247            android:name="androidx.work.impl.background.systemalarm.ConstraintProxy$BatteryChargingProxy"
247-->[androidx.work:work-runtime:2.7.0-alpha05] AndroidManifest.xml:68:13-106
248            android:directBootAware="false"
248-->[androidx.work:work-runtime:2.7.0-alpha05] AndroidManifest.xml:69:13-44
249            android:enabled="false"
249-->[androidx.work:work-runtime:2.7.0-alpha05] AndroidManifest.xml:70:13-36
250            android:exported="false" >
250-->[androidx.work:work-runtime:2.7.0-alpha05] AndroidManifest.xml:71:13-37
251            <intent-filter>
251-->[androidx.work:work-runtime:2.7.0-alpha05] AndroidManifest.xml:73:13-76:29
252                <action android:name="android.intent.action.ACTION_POWER_CONNECTED" />
252-->[androidx.work:work-runtime:2.7.0-alpha05] AndroidManifest.xml:74:17-87
252-->[androidx.work:work-runtime:2.7.0-alpha05] AndroidManifest.xml:74:25-84
253                <action android:name="android.intent.action.ACTION_POWER_DISCONNECTED" />
253-->[androidx.work:work-runtime:2.7.0-alpha05] AndroidManifest.xml:75:17-90
253-->[androidx.work:work-runtime:2.7.0-alpha05] AndroidManifest.xml:75:25-87
254            </intent-filter>
255        </receiver>
256        <receiver
256-->[androidx.work:work-runtime:2.7.0-alpha05] AndroidManifest.xml:78:9-88:20
257            android:name="androidx.work.impl.background.systemalarm.ConstraintProxy$BatteryNotLowProxy"
257-->[androidx.work:work-runtime:2.7.0-alpha05] AndroidManifest.xml:79:13-104
258            android:directBootAware="false"
258-->[androidx.work:work-runtime:2.7.0-alpha05] AndroidManifest.xml:80:13-44
259            android:enabled="false"
259-->[androidx.work:work-runtime:2.7.0-alpha05] AndroidManifest.xml:81:13-36
260            android:exported="false" >
260-->[androidx.work:work-runtime:2.7.0-alpha05] AndroidManifest.xml:82:13-37
261            <intent-filter>
261-->[androidx.work:work-runtime:2.7.0-alpha05] AndroidManifest.xml:84:13-87:29
262                <action android:name="android.intent.action.BATTERY_OKAY" />
262-->[androidx.work:work-runtime:2.7.0-alpha05] AndroidManifest.xml:85:17-77
262-->[androidx.work:work-runtime:2.7.0-alpha05] AndroidManifest.xml:85:25-74